PS D:\dev\js\jknm-convex> bun run .\scripts\sync_from_b2_to_fs.ts jknm-novice "C:\Users\luka\Desktop\jknm-b2\jknm-novice"
Collecting file list...
Found 4693 files to process
Size mismatch for ali-caganka-ogroza-rekord-caganke-28-09-2009/slika_1.jpg, will re-download
Size mismatch for belgijci-v-caganki-09-08-2024/thumbnail.png, will re-download
Size mismatch for bosna-2010-27-09-2010/2.jpg, will re-download
Checked 500/4693 files...
Checked 1000/4693 files...
Checked 1500/4693 files...
Checked 2000/4693 files...
Checked 2500/4693 files...
Checked 3000/4693 files...
Checked 3500/4693 files...
Checked 4000/4693 files...
Checked 4500/4693 files...
Checked 4693/4693 files...
4 files need to be downloaded (4689 already exist)
no content-type for belgijci-v-caganki-09-08-2024/thumbnail.png, guessing image/png
wrote C:\Users\luka\Desktop\jknm-b2\jknm-novice/50-let-jknm-slavnostna-seja-07-09-2012/20120906_017.jpg (content-type: image/jpeg)
wrote C:\Users\luka\Desktop\jknm-b2\jknm-novice/ali-caganka-ogroza-rekord-caganke-28-09-2009/slika_1.jpg (content-type: image/jpeg)
wrote C:\Users\luka\Desktop\jknm-b2\jknm-novice/bosna-2010-27-09-2010/2.jpg (content-type: image/jpeg)
wrote C:\Users\luka\Desktop\jknm-b2\jknm-novice/belgijci-v-caganki-09-08-2024/thumbnail.png (content-type: image/png)
Progress: 4/4 completed, 0 errors
Downloaded 4/4 files...

Download completed: 4 successful, 0 failed










# zagnal še enkrat, kul

PS D:\dev\js\jknm-convex> bun run .\scripts\sync_from_b2_to_fs.ts jknm-novice "C:\Users\luka\Desktop\jknm-b2\jknm-novice"
Collecting file list...
Found 4693 files to process
Checked 500/4693 files...
Checked 1000/4693 files...
Checked 1500/4693 files...
Checked 2000/4693 files...
Checked 2500/4693 files...
Checked 3000/4693 files...
Checked 3500/4693 files...
Checked 4000/4693 files...
Checked 4500/4693 files...
Checked 4693/4693 files...
0 files need to be downloaded (4693 already exist)
All files are already downloaded!